<?xml version="1.0" encoding="UTF-8"?>
<!-- Generated by org.testng.reporters.JUnitReportReporter -->
<testsuite hostname="DESKTOP-RBG30Q4" failures="0" tests="4" name="api.testcases.UserTestDataDiven" time="7.721" errors="0" timestamp="2025-08-05T16:27:11 IST" skipped="0">
  <testcase classname="api.testcases.UserTestDataDiven" name="testCreateUser" time="4.007"/>
  <system-out/>
  <testcase classname="api.testcases.UserTestDataDiven" name="testCreateUser" time="1.247"/>
  <system-out/>
  <testcase classname="api.testcases.UserTestDataDiven" name="testCreateUser" time="1.218"/>
  <system-out/>
  <testcase classname="api.testcases.UserTestDataDiven" name="testCreateUser" time="1.249"/>
  <system-out/>
</testsuite> <!-- api.testcases.UserTestDataDiven -->
